2017-03-29 11:04:35,164 0    [Thread-0] INFO  org.neil.trickOrTreat.HomeOwner  - HomeOwner Started...
2017-03-29 11:04:35,164 0    [Thread-0] INFO  org.neil.trickOrTreat.House  - Waiting for listTricksters lock
2017-03-29 11:04:35,164 0    [Thread-0] INFO  org.neil.trickOrTreat.House  - Riley is watching television
2017-03-29 11:04:40,164 5000 [Thread-1] INFO  org.neil.trickOrTreat.TricksterGenerator  - Trickster generation started...
2017-03-29 11:04:40,174 5010 [Thread-1] INFO  org.neil.trickOrTreat.TricksterGenerator  - Thread-2
2017-03-29 11:04:40,174 5010 [Thread-2] INFO  org.neil.trickOrTreat.House  - Adding new: Trickster-1 at time: 10
2017-03-29 11:04:40,174 5010 [Thread-2] INFO  org.neil.trickOrTreat.House  - Trickster-1 is ringing doorbell 
2017-03-29 11:04:40,174 5010 [Thread-0] INFO  org.neil.trickOrTreat.House  - Waiting for listTricksters lock
2017-03-29 11:04:40,174 5010 [Thread-0] INFO  org.neil.trickOrTreat.House  - Riley is answering the doorbell
2017-03-29 11:04:40,174 5010 [Thread-0] INFO  org.neil.trickOrTreat.House  - Riley is handing out candy to Trickster-1
2017-03-29 11:04:43,174 8010 [Thread-0] INFO  org.neil.trickOrTreat.House  - Riley is closing the door
2017-03-29 11:04:43,174 8010 [Thread-0] INFO  org.neil.trickOrTreat.House  - Waiting for listTricksters lock
2017-03-29 11:04:43,174 8010 [Thread-0] INFO  org.neil.trickOrTreat.House  - Riley is watching television
2017-03-29 11:04:49,174 14010 [Thread-1] INFO  org.neil.trickOrTreat.TricksterGenerator  - Thread-3
2017-03-29 11:04:49,174 14010 [Thread-3] INFO  org.neil.trickOrTreat.House  - Adding new: Trickster-2 at time: 9010
2017-03-29 11:04:49,174 14010 [Thread-3] INFO  org.neil.trickOrTreat.House  - Trickster-2 is ringing doorbell 
2017-03-29 11:04:49,174 14010 [Thread-0] INFO  org.neil.trickOrTreat.House  - Waiting for listTricksters lock
2017-03-29 11:04:49,174 14010 [Thread-0] INFO  org.neil.trickOrTreat.House  - Riley is answering the doorbell
2017-03-29 11:04:49,174 14010 [Thread-0] INFO  org.neil.trickOrTreat.House  - Riley is handing out candy to Trickster-2
2017-03-29 11:04:52,174 17010 [Thread-0] INFO  org.neil.trickOrTreat.House  - Riley is closing the door
2017-03-29 11:04:52,174 17010 [Thread-0] INFO  org.neil.trickOrTreat.House  - Waiting for listTricksters lock
2017-03-29 11:04:52,174 17010 [Thread-0] INFO  org.neil.trickOrTreat.House  - Riley is watching television
2017-03-29 11:04:58,174 23010 [Thread-1] INFO  org.neil.trickOrTreat.TricksterGenerator  - Thread-4
2017-03-29 11:04:58,174 23010 [Thread-4] INFO  org.neil.trickOrTreat.House  - Adding new: Trickster-3 at time: 18010
2017-03-29 11:04:58,174 23010 [Thread-4] INFO  org.neil.trickOrTreat.House  - Trickster-3 is ringing doorbell 
2017-03-29 11:04:58,174 23010 [Thread-0] INFO  org.neil.trickOrTreat.House  - Waiting for listTricksters lock
2017-03-29 11:04:58,174 23010 [Thread-0] INFO  org.neil.trickOrTreat.House  - Riley is answering the doorbell
2017-03-29 11:04:58,174 23010 [Thread-0] INFO  org.neil.trickOrTreat.House  - Riley is handing out candy to Trickster-3
2017-03-29 11:05:01,174 26010 [Thread-0] INFO  org.neil.trickOrTreat.House  - Riley is closing the door
2017-03-29 11:05:01,174 26010 [Thread-0] INFO  org.neil.trickOrTreat.House  - Waiting for listTricksters lock
2017-03-29 11:05:01,174 26010 [Thread-0] INFO  org.neil.trickOrTreat.House  - Riley is watching television
2017-03-29 11:05:05,174 30010 [Thread-1] INFO  org.neil.trickOrTreat.TricksterGenerator  - Thread-5
2017-03-29 11:05:05,174 30010 [Thread-5] INFO  org.neil.trickOrTreat.House  - Adding new: Trickster-4 at time: 25010
2017-03-29 11:05:05,174 30010 [Thread-5] INFO  org.neil.trickOrTreat.House  - Trickster-4 is ringing doorbell 
2017-03-29 11:05:05,174 30010 [Thread-0] INFO  org.neil.trickOrTreat.House  - Waiting for listTricksters lock
2017-03-29 11:05:05,174 30010 [Thread-0] INFO  org.neil.trickOrTreat.House  - Riley is answering the doorbell
2017-03-29 11:05:05,174 30010 [Thread-0] INFO  org.neil.trickOrTreat.House  - Riley is handing out candy to Trickster-4
2017-03-29 11:05:07,174 32010 [Thread-1] INFO  org.neil.trickOrTreat.TricksterGenerator  - Thread-6
2017-03-29 11:05:07,174 32010 [Thread-6] INFO  org.neil.trickOrTreat.House  - Adding new: Trickster-5 at time: 27010
2017-03-29 11:05:08,174 33010 [Thread-0] INFO  org.neil.trickOrTreat.House  - Riley is closing the door
2017-03-29 11:05:08,174 33010 [Thread-0] INFO  org.neil.trickOrTreat.House  - Waiting for listTricksters lock
2017-03-29 11:05:08,174 33010 [Thread-6] INFO  org.neil.trickOrTreat.House  - Trickster-5 is ringing doorbell 
2017-03-29 11:05:08,174 33010 [Thread-0] INFO  org.neil.trickOrTreat.House  - Riley is answering the doorbell
2017-03-29 11:05:08,174 33010 [Thread-0] INFO  org.neil.trickOrTreat.House  - Riley is handing out candy to Trickster-5
2017-03-29 11:05:11,174 36010 [Thread-0] INFO  org.neil.trickOrTreat.House  - Riley is closing the door
2017-03-29 11:05:11,174 36010 [Thread-0] INFO  org.neil.trickOrTreat.House  - Waiting for listTricksters lock
2017-03-29 11:05:11,174 36010 [Thread-0] INFO  org.neil.trickOrTreat.House  - Riley is watching television
2017-03-29 11:05:11,174 36010 [Thread-1] INFO  org.neil.trickOrTreat.TricksterGenerator  - Trickster generation terminated...
2017-03-29 11:05:20,164 45000 [main] INFO  org.neil.trickOrTreat.House  - Forcing notify() to unblock .wait() 
2017-03-29 11:05:20,164 45000 [Thread-0] INFO  org.neil.trickOrTreat.HomeOwner  - HomeOwner Terminated...
